2 62500
3 62001
4 61504
5 61009
6 60516
7 60025
8 59536
9 59049
10 58564
11 58081
12 57600
13 57121
14 56644
15 56169
16 55696
17 55225
18 54756
19 54289
20 53824
21 53361
22 52900
23 52441
24 51984
25 51529
26 51076
27 50625
28 50176
29 49729
30 49284
31 48841
32 48400
33 47961
34 47524
35 47089
36 46656
37 46225
38 45796
39 45369
40 44944
41 44521
42 44100
43 43681
44 43264
45 42849
46 42436
47 42025
48 41616
49 41209
50 40804
51 40401
52 40000
53 39601
54 39204
55 38809
56 38416
57 38025
58 37636
59 37249
60 36864
61 36481
62 36100
63 35721
64 35344
65 34969
66 34596
67 34225
68 33856
69 33489
70 33124
71 32761
72 32400
73 32041
74 31684
75 31329
76 30976
77 30625
78 30276
79 29929
80 29584
81 29241
82 28900
83 28561
84 28224
85 27889
86 27556
87 27225
88 26896
89 26569
90 26244
91 25921
92 25600
93 25281
94 24964
95 24649
96 24336
97 24025
98 23716
99 23409
100 23104
101 22801
102 22500
103 22201
104 21904
105 21609
106 21316
107 21025
108 20736
109 20449
110 20164
111 19881
112 19600
113 19321
114 19044
115 18769
116 18496
117 18225
118 17956
119 17689
120 17424
121 17161
122 16900
123 16641
124 16384
125 16129
126 15876
127 15625
128 15376
129 15129
130 14884
131 14641
132 14400
133 14161
134 13924
135 13689
136 13456
137 13225
138 12996
139 12769
140 12544
141 12321
142 12100
143 11881
144 11664
145 11449
146 11236
147 11025
148 10816
149 10609
150 10404
151 10201
152 10000
153 9801
154 9604
155 9409
156 9216
157 9025
158 8836
159 8649
160 8464
161 8281
162 8100
163 7921
164 7744
165 7569
166 7396
167 7225
168 7056
169 6889
170 6724
171 6561
172 6400
173 6241
174 6084
175 5929
176 5776
177 5625
178 5476
179 5329
180 5184
181 5041
182 4900
183 4761
184 4624
185 4489
186 4356
187 4225
188 4096
189 3969
190 3844
191 3721
192 3600
193 3481
194 3364
195 3249
196 3136
197 3025
198 2916
199 2809
200 2704
201 2601
202 2500
203 2401
204 2304
205 2209
206 2116
207 2025
208 1936
209 1849
210 1764
211 1681
212 1600
213 1521
214 1444
215 1369
216 1296
217 1225
218 1156
219 1089
220 1024
221 961
222 900
223 841
224 784
225 729
226 676
227 625
228 576
229 529
230 484
231 441
232 400
233 361
234 324
235 289
236 256
237 225
238 196
239 169
240 144
241 121
242 100
243 81
244 64
245 49
246 36
247 25
248 16
249 9
250 4
251 1
